gsy_flutter/build/app/intermediates/proguard-rules/release/aapt_rules.txt
# Referenced at processReleaseManifest\merged\AndroidManifest.xml:28
-keep class com.gsy.shuyu.gsy_flutter_demo.MainActivity { <init>(...); }
# Referenced at processReleaseManifest\merged\AndroidManifest.xml:23
-keep class io.flutter.app.FlutterApplication { <init>(...); }